17:20:07:DEBUG:Saving Data+science.pdf to localFile='/tmp/upload-01-10-2023-17-20-07/Data+science.pdf'
17:20:07:DEBUG:Saving economics.pdf to localFile='/tmp/upload-01-10-2023-17-20-07/economics.pdf'
17:20:07:INFO:['/tmp/upload-01-10-2023-17-20-07/Data+science.pdf', '/tmp/upload-01-10-2023-17-20-07/economics.pdf']
17:20:10:DEBUG:/tmp/ocrResults-01-10-2023-17-20-10/text_results.json
18:38:53:DEBUG:Saving Data+science.pdf to localFile='/tmp/upload-01-10-2023-18-38-53/Data+science.pdf'
18:38:53:DEBUG:Saving economics.pdf to localFile='/tmp/upload-01-10-2023-18-38-53/economics.pdf'
18:38:53:INFO:['/tmp/upload-01-10-2023-18-38-53/Data+science.pdf', '/tmp/upload-01-10-2023-18-38-53/economics.pdf']
18:38:57:DEBUG:/tmp/ocrResults-01-10-2023-18-38-57/text_results.json
18:39:39:DEBUG:Saving Data+science.pdf to localFile='/tmp/upload-01-10-2023-18-39-39/Data+science.pdf'
18:39:39:DEBUG:Saving economics.pdf to localFile='/tmp/upload-01-10-2023-18-39-39/economics.pdf'
18:39:39:INFO:['/tmp/upload-01-10-2023-18-39-39/Data+science.pdf', '/tmp/upload-01-10-2023-18-39-39/economics.pdf']
18:39:44:DEBUG:/tmp/ocrResults-01-10-2023-18-39-44/text_results.json
02:28:06:DEBUG:Saving Data+science.pdf to localFile='/tmp/upload-02-14-2023-02-28-06/Data+science.pdf'
02:28:09:INFO:/tmp/upload-02-14-2023-02-28-06/Data+science.pdfText extraction completed! returning results
02:28:09:DEBUG:Saving economics.pdf to localFile='/tmp/upload-02-14-2023-02-28-09/economics.pdf'
02:28:09:INFO:/tmp/upload-02-14-2023-02-28-09/economics.pdfText extraction completed! returning results
02:28:09:DEBUG:Saving Data+science.pdf to localFile='/tmp/upload-02-14-2023-02-28-09/Data+science.pdf'
02:28:12:INFO:/tmp/upload-02-14-2023-02-28-09/Data+science.pdfText extraction completed! returning results
02:28:12:DEBUG:Saving economics.pdf to localFile='/tmp/upload-02-14-2023-02-28-12/economics.pdf'
02:28:13:INFO:/tmp/upload-02-14-2023-02-28-12/economics.pdfText extraction completed! returning results
02:28:13:DEBUG:Saving Data+science.pdf to localFile='/tmp/upload-02-14-2023-02-28-13/Data+science.pdf'
02:28:16:INFO:/tmp/upload-02-14-2023-02-28-13/Data+science.pdfText extraction completed! returning results
02:28:16:DEBUG:Saving economics.pdf to localFile='/tmp/upload-02-14-2023-02-28-16/economics.pdf'
02:28:16:INFO:/tmp/upload-02-14-2023-02-28-16/economics.pdfText extraction completed! returning results
02:28:16:DEBUG:Saving Data+science.pdf to localFile='/tmp/upload-02-14-2023-02-28-16/Data+science.pdf'
02:28:19:INFO:/tmp/upload-02-14-2023-02-28-16/Data+science.pdfText extraction completed! returning results
02:28:19:DEBUG:Saving economics.pdf to localFile='/tmp/upload-02-14-2023-02-28-19/economics.pdf'
02:28:19:INFO:/tmp/upload-02-14-2023-02-28-19/economics.pdfText extraction completed! returning results
02:28:19:DEBUG:Saving Data+science.pdf to localFile='/tmp/upload-02-14-2023-02-28-19/Data+science.pdf'
02:28:19:DEBUG:Saving Data+science.pdf to localFile='/tmp/upload-02-14-2023-02-28-19/Data+science.pdf'
02:28:19:DEBUG:Saving economics.pdf to localFile='/tmp/upload-02-14-2023-02-28-19/economics.pdf'
02:28:19:DEBUG:Saving economics.pdf to localFile='/tmp/upload-02-14-2023-02-28-19/economics.pdf'
02:28:19:INFO:/tmp/upload-02-14-2023-02-28-19/economics.pdfText extraction completed! returning results
02:28:19:DEBUG:Saving economics.pdf to localFile='/tmp/upload-02-14-2023-02-28-19/economics.pdf'
02:28:19:INFO:/tmp/upload-02-14-2023-02-28-19/economics.pdfText extraction completed! returning results
02:28:19:DEBUG:Saving economics.pdf to localFile='/tmp/upload-02-14-2023-02-28-19/economics.pdf'
02:28:19:INFO:/tmp/upload-02-14-2023-02-28-19/economics.pdfText extraction completed! returning results
02:28:19:INFO:/tmp/upload-02-14-2023-02-28-19/economics.pdfText extraction completed! returning results
02:28:19:DEBUG:Saving Data+science.pdf to localFile='/tmp/upload-02-14-2023-02-28-19/Data+science.pdf'
02:28:19:DEBUG:Saving Data+science.pdf to localFile='/tmp/upload-02-14-2023-02-28-19/Data+science.pdf'
02:28:33:INFO:/tmp/upload-02-14-2023-02-28-19/Data+science.pdfText extraction completed! returning results
02:28:35:INFO:/tmp/upload-02-14-2023-02-28-19/Data+science.pdfText extraction completed! returning results
02:28:36:INFO:/tmp/upload-02-14-2023-02-28-19/Data+science.pdfText extraction completed! returning results
03:26:58:DEBUG:Saving Data+science.pdf to localFile='/tmp/upload-02-14-2023-03-26-58/Data+science.pdf'
03:27:01:INFO:/tmp/upload-02-14-2023-03-26-58/Data+science.pdfText extraction completed! returning results
03:27:01:DEBUG:Saving economics.pdf to localFile='/tmp/upload-02-14-2023-03-27-01/economics.pdf'
03:27:01:INFO:/tmp/upload-02-14-2023-03-27-01/economics.pdfText extraction completed! returning results
03:27:01:DEBUG:Saving Data+science.pdf to localFile='/tmp/upload-02-14-2023-03-27-01/Data+science.pdf'
03:27:04:INFO:/tmp/upload-02-14-2023-03-27-01/Data+science.pdfText extraction completed! returning results
03:27:04:DEBUG:Saving economics.pdf to localFile='/tmp/upload-02-14-2023-03-27-04/economics.pdf'
03:27:05:INFO:/tmp/upload-02-14-2023-03-27-04/economics.pdfText extraction completed! returning results
03:27:05:DEBUG:Saving Data+science.pdf to localFile='/tmp/upload-02-14-2023-03-27-05/Data+science.pdf'
03:27:08:INFO:/tmp/upload-02-14-2023-03-27-05/Data+science.pdfText extraction completed! returning results
03:27:08:DEBUG:Saving economics.pdf to localFile='/tmp/upload-02-14-2023-03-27-08/economics.pdf'
03:27:08:INFO:/tmp/upload-02-14-2023-03-27-08/economics.pdfText extraction completed! returning results
03:27:08:DEBUG:Saving Data+science.pdf to localFile='/tmp/upload-02-14-2023-03-27-08/Data+science.pdf'
03:27:14:INFO:/tmp/upload-02-14-2023-03-27-08/Data+science.pdfText extraction completed! returning results
03:27:14:DEBUG:Saving economics.pdf to localFile='/tmp/upload-02-14-2023-03-27-14/economics.pdf'
03:27:15:INFO:/tmp/upload-02-14-2023-03-27-14/economics.pdfText extraction completed! returning results
03:27:15:DEBUG:Saving economics.pdf to localFile='/tmp/upload-02-14-2023-03-27-15/economics.pdf'
03:27:15:DEBUG:Saving Data+science.pdf to localFile='/tmp/upload-02-14-2023-03-27-15/Data+science.pdf'
03:27:15:DEBUG:Saving economics.pdf to localFile='/tmp/upload-02-14-2023-03-27-15/economics.pdf'
03:27:15:DEBUG:Saving Data+science.pdf to localFile='/tmp/upload-02-14-2023-03-27-15/Data+science.pdf'
03:27:15:DEBUG:Saving Data+science.pdf to localFile='/tmp/upload-02-14-2023-03-27-15/Data+science.pdf'
03:27:15:DEBUG:Saving economics.pdf to localFile='/tmp/upload-02-14-2023-03-27-15/economics.pdf'
03:27:15:DEBUG:Saving economics.pdf to localFile='/tmp/upload-02-14-2023-03-27-15/economics.pdf'
03:27:15:DEBUG:Saving Data+science.pdf to localFile='/tmp/upload-02-14-2023-03-27-15/Data+science.pdf'
03:27:15:INFO:/tmp/upload-02-14-2023-03-27-15/economics.pdfText extraction completed! returning results
03:27:15:INFO:/tmp/upload-02-14-2023-03-27-15/economics.pdfText extraction completed! returning results
03:27:18:INFO:/tmp/upload-02-14-2023-03-27-15/Data+science.pdfText extraction completed! returning results
03:27:20:INFO:/tmp/upload-02-14-2023-03-27-15/Data+science.pdfText extraction completed! returning results
04:34:01:DEBUG:Saving Data+science.pdf to localFile='/tmp/upload-02-14-2023-04-34-01/Data+science.pdf'
04:34:19:INFO:/tmp/upload-02-14-2023-04-34-01/Data+science.pdfText extraction completed! returning results
04:34:19:DEBUG:Saving economics.pdf to localFile='/tmp/upload-02-14-2023-04-34-19/economics.pdf'
04:34:19:INFO:/tmp/upload-02-14-2023-04-34-19/economics.pdfText extraction completed! returning results
04:34:19:DEBUG:Saving Data+science.pdf to localFile='/tmp/upload-02-14-2023-04-34-19/Data+science.pdf'
04:34:31:INFO:/tmp/upload-02-14-2023-04-34-19/Data+science.pdfText extraction completed! returning results
04:34:31:DEBUG:Saving economics.pdf to localFile='/tmp/upload-02-14-2023-04-34-31/economics.pdf'
04:34:31:INFO:/tmp/upload-02-14-2023-04-34-31/economics.pdfText extraction completed! returning results
04:34:31:DEBUG:Saving Data+science.pdf to localFile='/tmp/upload-02-14-2023-04-34-31/Data+science.pdf'
04:34:43:INFO:/tmp/upload-02-14-2023-04-34-31/Data+science.pdfText extraction completed! returning results
04:34:43:DEBUG:Saving economics.pdf to localFile='/tmp/upload-02-14-2023-04-34-43/economics.pdf'
04:34:43:INFO:/tmp/upload-02-14-2023-04-34-43/economics.pdfText extraction completed! returning results
04:34:43:DEBUG:Saving Data+science.pdf to localFile='/tmp/upload-02-14-2023-04-34-43/Data+science.pdf'
04:34:46:INFO:/tmp/upload-02-14-2023-04-34-43/Data+science.pdfText extraction completed! returning results
04:34:46:DEBUG:Saving economics.pdf to localFile='/tmp/upload-02-14-2023-04-34-46/economics.pdf'
04:34:46:INFO:/tmp/upload-02-14-2023-04-34-46/economics.pdfText extraction completed! returning results
04:34:46:DEBUG:Saving economics.pdf to localFile='/tmp/upload-02-14-2023-04-34-46/economics.pdf'
04:34:46:DEBUG:Saving Data+science.pdf to localFile='/tmp/upload-02-14-2023-04-34-46/Data+science.pdf'
04:34:46:DEBUG:Saving Data+science.pdf to localFile='/tmp/upload-02-14-2023-04-34-46/Data+science.pdf'
04:34:46:DEBUG:Saving economics.pdf to localFile='/tmp/upload-02-14-2023-04-34-46/economics.pdf'
04:34:46:DEBUG:Saving economics.pdf to localFile='/tmp/upload-02-14-2023-04-34-46/economics.pdf'
04:34:46:DEBUG:Saving Data+science.pdf to localFile='/tmp/upload-02-14-2023-04-34-46/Data+science.pdf'
04:34:46:DEBUG:Saving Data+science.pdf to localFile='/tmp/upload-02-14-2023-04-34-46/Data+science.pdf'
04:34:47:INFO:/tmp/upload-02-14-2023-04-34-46/economics.pdfText extraction completed! returning results
04:34:47:INFO:/tmp/upload-02-14-2023-04-34-46/economics.pdfText extraction completed! returning results
04:34:56:INFO:/tmp/upload-02-14-2023-04-34-46/Data+science.pdfText extraction completed! returning results
04:34:59:INFO:/tmp/upload-02-14-2023-04-34-46/Data+science.pdfText extraction completed! returning results
04:34:59:DEBUG:Saving economics.pdf to localFile='/tmp/upload-02-14-2023-04-34-59/economics.pdf'
04:34:59:INFO:/tmp/upload-02-14-2023-04-34-59/economics.pdfText extraction completed! returning results
04:34:59:INFO:/tmp/upload-02-14-2023-04-34-46/Data+science.pdfText extraction completed! returning results
04:35:23:DEBUG:Saving Data+science.pdf to localFile='/tmp/upload-02-14-2023-04-35-23/Data+science.pdf'
04:35:26:INFO:/tmp/upload-02-14-2023-04-35-23/Data+science.pdfText extraction completed! returning results
04:35:26:DEBUG:Saving economics.pdf to localFile='/tmp/upload-02-14-2023-04-35-26/economics.pdf'
04:35:27:INFO:/tmp/upload-02-14-2023-04-35-26/economics.pdfText extraction completed! returning results
04:35:27:DEBUG:Saving Data+science.pdf to localFile='/tmp/upload-02-14-2023-04-35-27/Data+science.pdf'
04:35:31:INFO:/tmp/upload-02-14-2023-04-35-27/Data+science.pdfText extraction completed! returning results
04:35:31:DEBUG:Saving economics.pdf to localFile='/tmp/upload-02-14-2023-04-35-31/economics.pdf'
04:35:31:INFO:/tmp/upload-02-14-2023-04-35-31/economics.pdfText extraction completed! returning results
04:35:31:DEBUG:Saving Data+science.pdf to localFile='/tmp/upload-02-14-2023-04-35-31/Data+science.pdf'
04:35:36:INFO:/tmp/upload-02-14-2023-04-35-31/Data+science.pdfText extraction completed! returning results
04:35:36:DEBUG:Saving economics.pdf to localFile='/tmp/upload-02-14-2023-04-35-36/economics.pdf'
04:35:36:INFO:/tmp/upload-02-14-2023-04-35-36/economics.pdfText extraction completed! returning results
04:35:36:DEBUG:Saving Data+science.pdf to localFile='/tmp/upload-02-14-2023-04-35-36/Data+science.pdf'
04:35:41:INFO:/tmp/upload-02-14-2023-04-35-36/Data+science.pdfText extraction completed! returning results
04:35:41:DEBUG:Saving economics.pdf to localFile='/tmp/upload-02-14-2023-04-35-41/economics.pdf'
04:35:41:INFO:/tmp/upload-02-14-2023-04-35-41/economics.pdfText extraction completed! returning results
04:35:41:DEBUG:Saving economics.pdf to localFile='/tmp/upload-02-14-2023-04-35-41/economics.pdf'
04:35:41:DEBUG:Saving economics.pdf to localFile='/tmp/upload-02-14-2023-04-35-41/economics.pdf'
04:35:41:DEBUG:Saving Data+science.pdf to localFile='/tmp/upload-02-14-2023-04-35-41/Data+science.pdf'
04:35:41:DEBUG:Saving Data+science.pdf to localFile='/tmp/upload-02-14-2023-04-35-41/Data+science.pdf'
04:35:41:DEBUG:Saving economics.pdf to localFile='/tmp/upload-02-14-2023-04-35-41/economics.pdf'
04:35:41:DEBUG:Saving Data+science.pdf to localFile='/tmp/upload-02-14-2023-04-35-41/Data+science.pdf'
04:35:42:INFO:/tmp/upload-02-14-2023-04-35-41/economics.pdfText extraction completed! returning results
04:35:42:DEBUG:Saving Data+science.pdf to localFile='/tmp/upload-02-14-2023-04-35-42/Data+science.pdf'
04:36:02:INFO:/tmp/upload-02-14-2023-04-35-41/Data+science.pdfText extraction completed! returning results
04:36:03:INFO:/tmp/upload-02-14-2023-04-35-42/Data+science.pdfText extraction completed! returning results
04:36:04:INFO:/tmp/upload-02-14-2023-04-35-41/Data+science.pdfText extraction completed! returning results
04:36:59:DEBUG:Saving Data+science.pdf to localFile='/tmp/upload-02-14-2023-04-36-59/Data+science.pdf'
04:37:04:INFO:/tmp/upload-02-14-2023-04-36-59/Data+science.pdfText extraction completed! returning results
04:37:04:DEBUG:Saving economics.pdf to localFile='/tmp/upload-02-14-2023-04-37-04/economics.pdf'
04:37:04:INFO:/tmp/upload-02-14-2023-04-37-04/economics.pdfText extraction completed! returning results
04:37:04:DEBUG:Saving Data+science.pdf to localFile='/tmp/upload-02-14-2023-04-37-04/Data+science.pdf'
04:37:08:INFO:/tmp/upload-02-14-2023-04-37-04/Data+science.pdfText extraction completed! returning results
04:37:08:DEBUG:Saving economics.pdf to localFile='/tmp/upload-02-14-2023-04-37-08/economics.pdf'
04:37:09:INFO:/tmp/upload-02-14-2023-04-37-08/economics.pdfText extraction completed! returning results
04:37:09:DEBUG:Saving Data+science.pdf to localFile='/tmp/upload-02-14-2023-04-37-09/Data+science.pdf'
04:37:13:INFO:/tmp/upload-02-14-2023-04-37-09/Data+science.pdfText extraction completed! returning results
04:37:13:DEBUG:Saving economics.pdf to localFile='/tmp/upload-02-14-2023-04-37-13/economics.pdf'
04:37:13:INFO:/tmp/upload-02-14-2023-04-37-13/economics.pdfText extraction completed! returning results
04:37:13:DEBUG:Saving Data+science.pdf to localFile='/tmp/upload-02-14-2023-04-37-13/Data+science.pdf'
04:37:16:INFO:/tmp/upload-02-14-2023-04-37-13/Data+science.pdfText extraction completed! returning results
04:37:16:DEBUG:Saving economics.pdf to localFile='/tmp/upload-02-14-2023-04-37-16/economics.pdf'
04:37:17:INFO:/tmp/upload-02-14-2023-04-37-16/economics.pdfText extraction completed! returning results
04:37:17:DEBUG:Saving economics.pdf to localFile='/tmp/upload-02-14-2023-04-37-17/economics.pdf'
04:37:17:DEBUG:Saving economics.pdf to localFile='/tmp/upload-02-14-2023-04-37-17/economics.pdf'
04:37:17:DEBUG:Saving Data+science.pdf to localFile='/tmp/upload-02-14-2023-04-37-17/Data+science.pdf'
04:37:17:DEBUG:Saving economics.pdf to localFile='/tmp/upload-02-14-2023-04-37-17/economics.pdf'
04:37:17:DEBUG:Saving Data+science.pdf to localFile='/tmp/upload-02-14-2023-04-37-17/Data+science.pdf'
04:37:17:DEBUG:Saving economics.pdf to localFile='/tmp/upload-02-14-2023-04-37-17/economics.pdf'
04:37:17:DEBUG:Saving Data+science.pdf to localFile='/tmp/upload-02-14-2023-04-37-17/Data+science.pdf'
04:37:17:DEBUG:Saving Data+science.pdf to localFile='/tmp/upload-02-14-2023-04-37-17/Data+science.pdf'
04:37:17:INFO:/tmp/upload-02-14-2023-04-37-17/economics.pdfText extraction completed! returning results
04:37:17:INFO:/tmp/upload-02-14-2023-04-37-17/economics.pdfText extraction completed! returning results
04:37:17:INFO:/tmp/upload-02-14-2023-04-37-17/economics.pdfText extraction completed! returning results
04:37:35:INFO:/tmp/upload-02-14-2023-04-37-17/Data+science.pdfText extraction completed! returning results
04:40:49:DEBUG:Saving Data+science.pdf to localFile='/tmp/upload-02-14-2023-04-40-49/Data+science.pdf'
04:40:52:INFO:/tmp/upload-02-14-2023-04-40-49/Data+science.pdfText extraction completed! returning results
04:40:52:DEBUG:Saving economics.pdf to localFile='/tmp/upload-02-14-2023-04-40-52/economics.pdf'
04:40:52:INFO:/tmp/upload-02-14-2023-04-40-52/economics.pdfText extraction completed! returning results
04:40:52:DEBUG:Saving Data+science.pdf to localFile='/tmp/upload-02-14-2023-04-40-52/Data+science.pdf'
04:40:55:INFO:/tmp/upload-02-14-2023-04-40-52/Data+science.pdfText extraction completed! returning results
04:40:55:DEBUG:Saving economics.pdf to localFile='/tmp/upload-02-14-2023-04-40-55/economics.pdf'
04:40:56:INFO:/tmp/upload-02-14-2023-04-40-55/economics.pdfText extraction completed! returning results
04:40:56:DEBUG:Saving Data+science.pdf to localFile='/tmp/upload-02-14-2023-04-40-56/Data+science.pdf'
04:41:00:INFO:/tmp/upload-02-14-2023-04-40-56/Data+science.pdfText extraction completed! returning results
04:41:00:DEBUG:Saving economics.pdf to localFile='/tmp/upload-02-14-2023-04-41-00/economics.pdf'
04:41:00:INFO:/tmp/upload-02-14-2023-04-41-00/economics.pdfText extraction completed! returning results
04:41:00:DEBUG:Saving Data+science.pdf to localFile='/tmp/upload-02-14-2023-04-41-00/Data+science.pdf'
04:41:05:INFO:/tmp/upload-02-14-2023-04-41-00/Data+science.pdfText extraction completed! returning results
04:41:05:DEBUG:Saving economics.pdf to localFile='/tmp/upload-02-14-2023-04-41-05/economics.pdf'
04:41:05:INFO:/tmp/upload-02-14-2023-04-41-05/economics.pdfText extraction completed! returning results
04:41:05:DEBUG:Saving economics.pdf to localFile='/tmp/upload-02-14-2023-04-41-05/economics.pdf'
04:41:05:DEBUG:Saving Data+science.pdf to localFile='/tmp/upload-02-14-2023-04-41-05/Data+science.pdf'
04:41:05:DEBUG:Saving Data+science.pdf to localFile='/tmp/upload-02-14-2023-04-41-05/Data+science.pdf'
04:41:05:DEBUG:Saving economics.pdf to localFile='/tmp/upload-02-14-2023-04-41-05/economics.pdf'
04:41:05:DEBUG:Saving economics.pdf to localFile='/tmp/upload-02-14-2023-04-41-05/economics.pdf'
04:41:05:DEBUG:Saving economics.pdf to localFile='/tmp/upload-02-14-2023-04-41-05/economics.pdf'
04:41:05:DEBUG:Saving Data+science.pdf to localFile='/tmp/upload-02-14-2023-04-41-05/Data+science.pdf'
04:41:05:INFO:/tmp/upload-02-14-2023-04-41-05/economics.pdfText extraction completed! returning results
04:41:05:INFO:/tmp/upload-02-14-2023-04-41-05/economics.pdfText extraction completed! returning results
04:41:05:INFO:/tmp/upload-02-14-2023-04-41-05/economics.pdfText extraction completed! returning results
04:41:05:DEBUG:Saving Data+science.pdf to localFile='/tmp/upload-02-14-2023-04-41-05/Data+science.pdf'
04:41:05:INFO:/tmp/upload-02-14-2023-04-41-05/economics.pdfText extraction completed! returning results
04:41:25:INFO:/tmp/upload-02-14-2023-04-41-05/Data+science.pdfText extraction completed! returning results
04:41:30:INFO:/tmp/upload-02-14-2023-04-41-05/Data+science.pdfText extraction completed! returning results
04:46:17:DEBUG:Saving Data+science.pdf to localFile='/tmp/upload-02-14-2023-04-46-17/Data+science.pdf'
04:46:20:INFO:/tmp/upload-02-14-2023-04-46-17/Data+science.pdfText extraction completed! returning results
04:46:20:DEBUG:Saving economics.pdf to localFile='/tmp/upload-02-14-2023-04-46-20/economics.pdf'
04:46:21:INFO:/tmp/upload-02-14-2023-04-46-20/economics.pdfText extraction completed! returning results
04:46:21:DEBUG:Saving Data+science.pdf to localFile='/tmp/upload-02-14-2023-04-46-21/Data+science.pdf'
04:46:25:INFO:/tmp/upload-02-14-2023-04-46-21/Data+science.pdfText extraction completed! returning results
04:46:25:DEBUG:Saving economics.pdf to localFile='/tmp/upload-02-14-2023-04-46-25/economics.pdf'
04:46:25:INFO:/tmp/upload-02-14-2023-04-46-25/economics.pdfText extraction completed! returning results
04:46:25:DEBUG:Saving Data+science.pdf to localFile='/tmp/upload-02-14-2023-04-46-25/Data+science.pdf'
04:46:28:INFO:/tmp/upload-02-14-2023-04-46-25/Data+science.pdfText extraction completed! returning results
04:46:28:DEBUG:Saving economics.pdf to localFile='/tmp/upload-02-14-2023-04-46-28/economics.pdf'
04:46:28:INFO:/tmp/upload-02-14-2023-04-46-28/economics.pdfText extraction completed! returning results
04:46:28:DEBUG:Saving Data+science.pdf to localFile='/tmp/upload-02-14-2023-04-46-28/Data+science.pdf'
04:46:33:INFO:/tmp/upload-02-14-2023-04-46-28/Data+science.pdfText extraction completed! returning results
04:46:33:DEBUG:Saving economics.pdf to localFile='/tmp/upload-02-14-2023-04-46-33/economics.pdf'
04:46:33:INFO:/tmp/upload-02-14-2023-04-46-33/economics.pdfText extraction completed! returning results
04:46:33:DEBUG:Saving Data+science.pdf to localFile='/tmp/upload-02-14-2023-04-46-33/Data+science.pdf'
04:46:33:DEBUG:Saving economics.pdf to localFile='/tmp/upload-02-14-2023-04-46-33/economics.pdf'
04:46:33:DEBUG:Saving economics.pdf to localFile='/tmp/upload-02-14-2023-04-46-33/economics.pdf'
04:46:33:DEBUG:Saving economics.pdf to localFile='/tmp/upload-02-14-2023-04-46-33/economics.pdf'
04:46:33:DEBUG:Saving Data+science.pdf to localFile='/tmp/upload-02-14-2023-04-46-33/Data+science.pdf'
04:46:33:DEBUG:Saving economics.pdf to localFile='/tmp/upload-02-14-2023-04-46-33/economics.pdf'
04:46:33:DEBUG:Saving Data+science.pdf to localFile='/tmp/upload-02-14-2023-04-46-33/Data+science.pdf'
04:46:33:DEBUG:Saving Data+science.pdf to localFile='/tmp/upload-02-14-2023-04-46-33/Data+science.pdf'
04:46:33:INFO:/tmp/upload-02-14-2023-04-46-33/economics.pdfText extraction completed! returning results
04:46:33:INFO:/tmp/upload-02-14-2023-04-46-33/economics.pdfText extraction completed! returning results
04:46:43:INFO:/tmp/upload-02-14-2023-04-46-33/Data+science.pdfText extraction completed! returning results
04:46:44:INFO:/tmp/upload-02-14-2023-04-46-33/Data+science.pdfText extraction completed! returning results
04:46:44:INFO:/tmp/upload-02-14-2023-04-46-33/Data+science.pdfText extraction completed! returning results
04:53:52:DEBUG:Saving Data+science.pdf to localFile='/tmp/upload-02-14-2023-04-53-52/Data+science.pdf'
04:53:56:INFO:/tmp/upload-02-14-2023-04-53-52/Data+science.pdfText extraction completed! returning results
04:56:19:DEBUG:Saving Data+science.pdf to localFile='/tmp/upload-02-14-2023-04-56-19/Data+science.pdf'
04:56:22:INFO:/tmp/upload-02-14-2023-04-56-19/Data+science.pdfText extraction completed! returning results
04:56:22:DEBUG:Saving economics.pdf to localFile='/tmp/upload-02-14-2023-04-56-22/economics.pdf'
04:56:22:INFO:/tmp/upload-02-14-2023-04-56-22/economics.pdfText extraction completed! returning results
04:56:22:DEBUG:Saving Data+science.pdf to localFile='/tmp/upload-02-14-2023-04-56-22/Data+science.pdf'
04:56:25:INFO:/tmp/upload-02-14-2023-04-56-22/Data+science.pdfText extraction completed! returning results
04:56:25:DEBUG:Saving economics.pdf to localFile='/tmp/upload-02-14-2023-04-56-25/economics.pdf'
04:56:26:INFO:/tmp/upload-02-14-2023-04-56-25/economics.pdfText extraction completed! returning results
04:56:26:DEBUG:Saving Data+science.pdf to localFile='/tmp/upload-02-14-2023-04-56-26/Data+science.pdf'
04:56:29:INFO:/tmp/upload-02-14-2023-04-56-26/Data+science.pdfText extraction completed! returning results
04:56:29:DEBUG:Saving economics.pdf to localFile='/tmp/upload-02-14-2023-04-56-29/economics.pdf'
04:56:29:INFO:/tmp/upload-02-14-2023-04-56-29/economics.pdfText extraction completed! returning results
04:56:29:DEBUG:Saving Data+science.pdf to localFile='/tmp/upload-02-14-2023-04-56-29/Data+science.pdf'
04:56:34:INFO:/tmp/upload-02-14-2023-04-56-29/Data+science.pdfText extraction completed! returning results
04:56:34:DEBUG:Saving economics.pdf to localFile='/tmp/upload-02-14-2023-04-56-34/economics.pdf'
04:56:34:INFO:/tmp/upload-02-14-2023-04-56-34/economics.pdfText extraction completed! returning results
04:56:34:DEBUG:Saving economics.pdf to localFile='/tmp/upload-02-14-2023-04-56-34/economics.pdf'
04:56:34:DEBUG:Saving economics.pdf to localFile='/tmp/upload-02-14-2023-04-56-34/economics.pdf'
04:56:34:DEBUG:Saving Data+science.pdf to localFile='/tmp/upload-02-14-2023-04-56-34/Data+science.pdf'
04:56:34:DEBUG:Saving economics.pdf to localFile='/tmp/upload-02-14-2023-04-56-34/economics.pdf'
04:56:34:DEBUG:Saving Data+science.pdf to localFile='/tmp/upload-02-14-2023-04-56-34/Data+science.pdf'
04:56:34:DEBUG:Saving economics.pdf to localFile='/tmp/upload-02-14-2023-04-56-34/economics.pdf'
04:56:34:DEBUG:Saving Data+science.pdf to localFile='/tmp/upload-02-14-2023-04-56-34/Data+science.pdf'
04:56:34:INFO:/tmp/upload-02-14-2023-04-56-34/economics.pdfText extraction completed! returning results
04:56:34:INFO:/tmp/upload-02-14-2023-04-56-34/economics.pdfText extraction completed! returning results
04:56:34:INFO:/tmp/upload-02-14-2023-04-56-34/economics.pdfText extraction completed! returning results
04:56:52:INFO:/tmp/upload-02-14-2023-04-56-34/Data+science.pdfText extraction completed! returning results
04:56:52:DEBUG:Saving Data+science.pdf to localFile='/tmp/upload-02-14-2023-04-56-52/Data+science.pdf'
04:56:52:INFO:/tmp/upload-02-14-2023-04-56-34/Data+science.pdfText extraction completed! returning results
04:56:53:INFO:/tmp/upload-02-14-2023-04-56-34/Data+science.pdfText extraction completed! returning results
04:57:41:DEBUG:Saving economics.pdf to localFile='/tmp/upload-02-14-2023-04-57-41/economics.pdf'
04:57:41:DEBUG:Saving Data+science.pdf to localFile='/tmp/upload-02-14-2023-04-57-41/Data+science.pdf'
04:57:41:DEBUG:Saving economics.pdf to localFile='/tmp/upload-02-14-2023-04-57-41/economics.pdf'
04:57:41:DEBUG:Saving economics.pdf to localFile='/tmp/upload-02-14-2023-04-57-41/economics.pdf'
04:57:41:DEBUG:Saving Data+science.pdf to localFile='/tmp/upload-02-14-2023-04-57-41/Data+science.pdf'
04:57:41:DEBUG:Saving Data+science.pdf to localFile='/tmp/upload-02-14-2023-04-57-41/Data+science.pdf'
04:57:41:DEBUG:Saving economics.pdf to localFile='/tmp/upload-02-14-2023-04-57-41/economics.pdf'
04:57:41:DEBUG:Saving Data+science.pdf to localFile='/tmp/upload-02-14-2023-04-57-41/Data+science.pdf'
04:57:41:INFO:/tmp/upload-02-14-2023-04-57-41/economics.pdfText extraction completed! returning results
04:57:41:INFO:/tmp/upload-02-14-2023-04-57-41/economics.pdfText extraction completed! returning results
04:57:46:INFO:/tmp/upload-02-14-2023-04-57-41/Data+science.pdfText extraction completed! returning results
04:57:46:INFO:/tmp/upload-02-14-2023-04-57-41/Data+science.pdfText extraction completed! returning results
04:57:50:DEBUG:Saving economics.pdf to localFile='/tmp/upload-02-14-2023-04-57-50/economics.pdf'
04:57:50:DEBUG:Saving economics.pdf to localFile='/tmp/upload-02-14-2023-04-57-50/economics.pdf'
04:57:50:DEBUG:Saving economics.pdf to localFile='/tmp/upload-02-14-2023-04-57-50/economics.pdf'
04:57:50:DEBUG:Saving Data+science.pdf to localFile='/tmp/upload-02-14-2023-04-57-50/Data+science.pdf'
04:57:50:DEBUG:Saving Data+science.pdf to localFile='/tmp/upload-02-14-2023-04-57-50/Data+science.pdf'
04:57:50:DEBUG:Saving economics.pdf to localFile='/tmp/upload-02-14-2023-04-57-50/economics.pdf'
04:57:50:DEBUG:Saving Data+science.pdf to localFile='/tmp/upload-02-14-2023-04-57-50/Data+science.pdf'
04:57:51:INFO:/tmp/upload-02-14-2023-04-57-50/economics.pdfText extraction completed! returning results
04:57:51:DEBUG:Saving Data+science.pdf to localFile='/tmp/upload-02-14-2023-04-57-51/Data+science.pdf'
04:58:08:INFO:/tmp/upload-02-14-2023-04-57-50/Data+science.pdfText extraction completed! returning results
04:58:09:INFO:/tmp/upload-02-14-2023-04-57-51/Data+science.pdfText extraction completed! returning results
04:58:18:DEBUG:Saving Data+science.pdf to localFile='/tmp/upload-02-14-2023-04-58-18/Data+science.pdf'
04:58:18:DEBUG:Saving Data+science.pdf to localFile='/tmp/upload-02-14-2023-04-58-18/Data+science.pdf'
04:58:18:DEBUG:Saving economics.pdf to localFile='/tmp/upload-02-14-2023-04-58-18/economics.pdf'
04:58:18:DEBUG:Saving economics.pdf to localFile='/tmp/upload-02-14-2023-04-58-18/economics.pdf'
04:58:18:DEBUG:Saving economics.pdf to localFile='/tmp/upload-02-14-2023-04-58-18/economics.pdf'
04:58:18:DEBUG:Saving economics.pdf to localFile='/tmp/upload-02-14-2023-04-58-18/economics.pdf'
04:58:18:INFO:/tmp/upload-02-14-2023-04-58-18/economics.pdfText extraction completed! returning results
04:58:18:INFO:/tmp/upload-02-14-2023-04-58-18/economics.pdfText extraction completed! returning results
04:58:18:DEBUG:Saving Data+science.pdf to localFile='/tmp/upload-02-14-2023-04-58-18/Data+science.pdf'
04:58:18:INFO:/tmp/upload-02-14-2023-04-58-18/economics.pdfText extraction completed! returning results
04:58:26:INFO:/tmp/upload-02-14-2023-04-58-18/Data+science.pdfText extraction completed! returning results
04:58:28:INFO:/tmp/upload-02-14-2023-04-58-18/Data+science.pdfText extraction completed! returning results
04:58:28:INFO:/tmp/upload-02-14-2023-04-58-18/Data+science.pdfText extraction completed! returning results
05:02:49:DEBUG:Saving economics.pdf to localFile='/tmp/upload-02-14-2023-05-02-49/economics.pdf'
05:02:49:DEBUG:Saving Data+science.pdf to localFile='/tmp/upload-02-14-2023-05-02-49/Data+science.pdf'
05:02:49:DEBUG:Saving economics.pdf to localFile='/tmp/upload-02-14-2023-05-02-49/economics.pdf'
05:02:49:DEBUG:Saving economics.pdf to localFile='/tmp/upload-02-14-2023-05-02-49/economics.pdf'
05:02:49:DEBUG:Saving economics.pdf to localFile='/tmp/upload-02-14-2023-05-02-49/economics.pdf'
05:02:49:DEBUG:Saving Data+science.pdf to localFile='/tmp/upload-02-14-2023-05-02-49/Data+science.pdf'
05:02:49:DEBUG:Saving Data+science.pdf to localFile='/tmp/upload-02-14-2023-05-02-49/Data+science.pdf'
05:02:49:DEBUG:Saving Data+science.pdf to localFile='/tmp/upload-02-14-2023-05-02-49/Data+science.pdf'
05:02:49:INFO:/tmp/upload-02-14-2023-05-02-49/economics.pdfText extraction completed! returning results
05:02:49:INFO:/tmp/upload-02-14-2023-05-02-49/economics.pdfText extraction completed! returning results
05:03:48:DEBUG:Saving economics.pdf to localFile='/tmp/upload-02-14-2023-05-03-48/economics.pdf'
05:03:48:DEBUG:Saving economics.pdf to localFile='/tmp/upload-02-14-2023-05-03-48/economics.pdf'
05:03:48:DEBUG:Saving economics.pdf to localFile='/tmp/upload-02-14-2023-05-03-48/economics.pdf'
05:03:48:DEBUG:Saving economics.pdf to localFile='/tmp/upload-02-14-2023-05-03-48/economics.pdf'
05:03:48:DEBUG:Saving Data+science.pdf to localFile='/tmp/upload-02-14-2023-05-03-48/Data+science.pdf'
05:03:48:DEBUG:Saving Data+science.pdf to localFile='/tmp/upload-02-14-2023-05-03-48/Data+science.pdf'
05:03:48:DEBUG:Saving Data+science.pdf to localFile='/tmp/upload-02-14-2023-05-03-48/Data+science.pdf'
05:03:48:DEBUG:Saving Data+science.pdf to localFile='/tmp/upload-02-14-2023-05-03-48/Data+science.pdf'
05:03:48:INFO:/tmp/upload-02-14-2023-05-03-48/economics.pdfText extraction completed! returning results
05:03:48:INFO:/tmp/upload-02-14-2023-05-03-48/economics.pdfText extraction completed! returning results
05:03:48:INFO:/tmp/upload-02-14-2023-05-03-48/economics.pdfText extraction completed! returning results
05:03:51:INFO:/tmp/upload-02-14-2023-05-03-48/Data+science.pdfText extraction completed! returning results
05:04:03:DEBUG:Saving economics.pdf to localFile='/tmp/upload-02-14-2023-05-04-03/economics.pdf'
05:04:03:DEBUG:Saving economics.pdf to localFile='/tmp/upload-02-14-2023-05-04-03/economics.pdf'
05:04:03:DEBUG:Saving Data+science.pdf to localFile='/tmp/upload-02-14-2023-05-04-03/Data+science.pdf'
05:04:03:DEBUG:Saving Data+science.pdf to localFile='/tmp/upload-02-14-2023-05-04-03/Data+science.pdf'
05:04:03:DEBUG:Saving economics.pdf to localFile='/tmp/upload-02-14-2023-05-04-03/economics.pdf'
05:04:04:DEBUG:Saving economics.pdf to localFile='/tmp/upload-02-14-2023-05-04-04/economics.pdf'
05:04:04:INFO:/tmp/upload-02-14-2023-05-04-03/economics.pdfText extraction completed! returning results
05:04:04:DEBUG:Saving Data+science.pdf to localFile='/tmp/upload-02-14-2023-05-04-04/Data+science.pdf'
05:04:04:INFO:/tmp/upload-02-14-2023-05-04-03/economics.pdfText extraction completed! returning results
05:04:04:INFO:/tmp/upload-02-14-2023-05-04-04/economics.pdfText extraction completed! returning results
05:04:04:DEBUG:Saving Data+science.pdf to localFile='/tmp/upload-02-14-2023-05-04-04/Data+science.pdf'
05:04:26:INFO:/tmp/upload-02-14-2023-05-04-04/Data+science.pdfText extraction completed! returning results
05:04:28:INFO:/tmp/upload-02-14-2023-05-04-04/Data+science.pdfText extraction completed! returning results
05:05:25:DEBUG:Saving economics.pdf to localFile='/tmp/upload-02-14-2023-05-05-25/economics.pdf'
05:05:25:DEBUG:Saving economics.pdf to localFile='/tmp/upload-02-14-2023-05-05-25/economics.pdf'
05:05:25:DEBUG:Saving economics.pdf to localFile='/tmp/upload-02-14-2023-05-05-25/economics.pdf'
05:05:25:DEBUG:Saving Data+science.pdf to localFile='/tmp/upload-02-14-2023-05-05-25/Data+science.pdf'
05:05:26:DEBUG:Saving economics.pdf to localFile='/tmp/upload-02-14-2023-05-05-26/economics.pdf'
05:05:26:INFO:/tmp/upload-02-14-2023-05-05-25/economics.pdfText extraction completed! returning results
05:05:26:DEBUG:Saving Data+science.pdf to localFile='/tmp/upload-02-14-2023-05-05-26/Data+science.pdf'
05:05:26:INFO:/tmp/upload-02-14-2023-05-05-26/economics.pdfText extraction completed! returning results
05:05:26:INFO:/tmp/upload-02-14-2023-05-05-25/economics.pdfText extraction completed! returning results
05:05:26:DEBUG:Saving Data+science.pdf to localFile='/tmp/upload-02-14-2023-05-05-26/Data+science.pdf'
05:05:36:INFO:/tmp/upload-02-14-2023-05-05-25/Data+science.pdfText extraction completed! returning results
05:05:36:DEBUG:Saving Data+science.pdf to localFile='/tmp/upload-02-14-2023-05-05-36/Data+science.pdf'
05:05:38:INFO:/tmp/upload-02-14-2023-05-05-26/Data+science.pdfText extraction completed! returning results
05:05:39:INFO:/tmp/upload-02-14-2023-05-05-26/Data+science.pdfText extraction completed! returning results
05:05:41:INFO:/tmp/upload-02-14-2023-05-05-36/Data+science.pdfText extraction completed! returning results
05:12:44:DEBUG:Saving economics.pdf to localFile='/tmp/upload-02-14-2023-05-12-44/economics.pdf'
05:12:44:DEBUG:Saving Data+science.pdf to localFile='/tmp/upload-02-14-2023-05-12-44/Data+science.pdf'
05:12:44:DEBUG:Saving economics.pdf to localFile='/tmp/upload-02-14-2023-05-12-44/economics.pdf'
05:12:44:DEBUG:Saving Data+science.pdf to localFile='/tmp/upload-02-14-2023-05-12-44/Data+science.pdf'
05:12:44:DEBUG:Saving economics.pdf to localFile='/tmp/upload-02-14-2023-05-12-44/economics.pdf'
05:12:44:DEBUG:Saving economics.pdf to localFile='/tmp/upload-02-14-2023-05-12-44/economics.pdf'
05:12:44:DEBUG:Saving Data+science.pdf to localFile='/tmp/upload-02-14-2023-05-12-44/Data+science.pdf'
05:12:44:DEBUG:Saving Data+science.pdf to localFile='/tmp/upload-02-14-2023-05-12-44/Data+science.pdf'
05:12:44:INFO:/tmp/upload-02-14-2023-05-12-44/economics.pdfText extraction completed! returning results
05:12:44:INFO:/tmp/upload-02-14-2023-05-12-44/economics.pdfText extraction completed! returning results
05:12:47:INFO:/tmp/upload-02-14-2023-05-12-44/Data+science.pdfText extraction completed! returning results
05:12:51:DEBUG:Saving economics.pdf to localFile='/tmp/upload-02-14-2023-05-12-51/economics.pdf'
05:12:51:DEBUG:Saving Data+science.pdf to localFile='/tmp/upload-02-14-2023-05-12-51/Data+science.pdf'
05:12:51:DEBUG:Saving Data+science.pdf to localFile='/tmp/upload-02-14-2023-05-12-51/Data+science.pdf'
05:12:51:DEBUG:Saving economics.pdf to localFile='/tmp/upload-02-14-2023-05-12-51/economics.pdf'
05:12:51:DEBUG:Saving economics.pdf to localFile='/tmp/upload-02-14-2023-05-12-51/economics.pdf'
05:12:51:DEBUG:Saving Data+science.pdf to localFile='/tmp/upload-02-14-2023-05-12-51/Data+science.pdf'
05:12:51:INFO:/tmp/upload-02-14-2023-05-12-51/economics.pdfText extraction completed! returning results
05:12:51:INFO:/tmp/upload-02-14-2023-05-12-51/economics.pdfText extraction completed! returning results
05:12:51:INFO:/tmp/upload-02-14-2023-05-12-51/economics.pdfText extraction completed! returning results
05:13:07:INFO:/tmp/upload-02-14-2023-05-12-51/Data+science.pdfText extraction completed! returning results
05:13:07:DEBUG:Saving Data+science.pdf to localFile='/tmp/upload-02-14-2023-05-13-07/Data+science.pdf'
05:13:07:INFO:/tmp/upload-02-14-2023-05-12-51/Data+science.pdfText extraction completed! returning results
05:13:07:INFO:/tmp/upload-02-14-2023-05-12-51/Data+science.pdfText extraction completed! returning results
05:13:12:INFO:/tmp/upload-02-14-2023-05-13-07/Data+science.pdfText extraction completed! returning results
05:13:12:DEBUG:Saving economics.pdf to localFile='/tmp/upload-02-14-2023-05-13-12/economics.pdf'
05:13:12:INFO:/tmp/upload-02-14-2023-05-13-12/economics.pdfText extraction completed! returning results
05:13:20:DEBUG:Saving economics.pdf to localFile='/tmp/upload-02-14-2023-05-13-20/economics.pdf'
05:13:20:DEBUG:Saving economics.pdf to localFile='/tmp/upload-02-14-2023-05-13-20/economics.pdf'
05:13:20:DEBUG:Saving economics.pdf to localFile='/tmp/upload-02-14-2023-05-13-20/economics.pdf'
05:13:20:DEBUG:Saving Data+science.pdf to localFile='/tmp/upload-02-14-2023-05-13-20/Data+science.pdf'
05:13:20:DEBUG:Saving economics.pdf to localFile='/tmp/upload-02-14-2023-05-13-20/economics.pdf'
05:13:20:DEBUG:Saving Data+science.pdf to localFile='/tmp/upload-02-14-2023-05-13-20/Data+science.pdf'
05:13:20:DEBUG:Saving Data+science.pdf to localFile='/tmp/upload-02-14-2023-05-13-20/Data+science.pdf'
05:13:20:DEBUG:Saving Data+science.pdf to localFile='/tmp/upload-02-14-2023-05-13-20/Data+science.pdf'
05:13:20:INFO:/tmp/upload-02-14-2023-05-13-20/economics.pdfText extraction completed! returning results
05:13:25:INFO:/tmp/upload-02-14-2023-05-13-20/Data+science.pdfText extraction completed! returning results
05:13:26:INFO:/tmp/upload-02-14-2023-05-13-20/Data+science.pdfText extraction completed! returning results
05:13:32:DEBUG:Saving economics.pdf to localFile='/tmp/upload-02-14-2023-05-13-32/economics.pdf'
05:13:32:DEBUG:Saving economics.pdf to localFile='/tmp/upload-02-14-2023-05-13-32/economics.pdf'
05:13:32:DEBUG:Saving economics.pdf to localFile='/tmp/upload-02-14-2023-05-13-32/economics.pdf'
05:13:32:DEBUG:Saving Data+science.pdf to localFile='/tmp/upload-02-14-2023-05-13-32/Data+science.pdf'
05:13:32:DEBUG:Saving Data+science.pdf to localFile='/tmp/upload-02-14-2023-05-13-32/Data+science.pdf'
05:13:32:DEBUG:Saving Data+science.pdf to localFile='/tmp/upload-02-14-2023-05-13-32/Data+science.pdf'
05:13:32:DEBUG:Saving economics.pdf to localFile='/tmp/upload-02-14-2023-05-13-32/economics.pdf'
05:13:32:INFO:/tmp/upload-02-14-2023-05-13-32/economics.pdfText extraction completed! returning results
05:13:32:INFO:/tmp/upload-02-14-2023-05-13-32/economics.pdfText extraction completed! returning results
05:13:32:DEBUG:Saving Data+science.pdf to localFile='/tmp/upload-02-14-2023-05-13-32/Data+science.pdf'
05:13:32:INFO:/tmp/upload-02-14-2023-05-13-32/economics.pdfText extraction completed! returning results
05:13:48:INFO:/tmp/upload-02-14-2023-05-13-32/Data+science.pdfText extraction completed! returning results
05:13:48:INFO:/tmp/upload-02-14-2023-05-13-32/Data+science.pdfText extraction completed! returning results
05:13:49:INFO:/tmp/upload-02-14-2023-05-13-32/Data+science.pdfText extraction completed! returning results
05:32:19:DEBUG:Saving economics.pdf to localFile='/tmp/upload-02-14-2023-05-32-19/economics.pdf'
05:32:20:INFO:/tmp/upload-02-14-2023-05-32-19/economics.pdfText extraction completed! returning results
05:32:20:DEBUG:Saving economics.pdf to localFile='/tmp/upload-02-14-2023-05-32-20/economics.pdf'
05:32:20:INFO:/tmp/upload-02-14-2023-05-32-20/economics.pdfText extraction completed! returning results
05:32:20:DEBUG:Saving economics.pdf to localFile='/tmp/upload-02-14-2023-05-32-20/economics.pdf'
05:32:20:INFO:/tmp/upload-02-14-2023-05-32-20/economics.pdfText extraction completed! returning results
05:32:20:DEBUG:Saving economics.pdf to localFile='/tmp/upload-02-14-2023-05-32-20/economics.pdf'
05:32:20:INFO:/tmp/upload-02-14-2023-05-32-20/economics.pdfText extraction completed! returning results
05:32:20:DEBUG:Saving Data+science.pdf to localFile='/tmp/upload-02-14-2023-05-32-20/Data+science.pdf'
05:32:23:INFO:/tmp/upload-02-14-2023-05-32-20/Data+science.pdfText extraction completed! returning results
05:32:23:DEBUG:Saving Data+science.pdf to localFile='/tmp/upload-02-14-2023-05-32-23/Data+science.pdf'
05:32:28:INFO:/tmp/upload-02-14-2023-05-32-23/Data+science.pdfText extraction completed! returning results
05:32:28:DEBUG:Saving Data+science.pdf to localFile='/tmp/upload-02-14-2023-05-32-28/Data+science.pdf'
05:32:32:INFO:/tmp/upload-02-14-2023-05-32-28/Data+science.pdfText extraction completed! returning results
05:32:32:DEBUG:Saving Data+science.pdf to localFile='/tmp/upload-02-14-2023-05-32-32/Data+science.pdf'
05:32:37:INFO:/tmp/upload-02-14-2023-05-32-32/Data+science.pdfText extraction completed! returning results
05:34:51:DEBUG:Saving economics.pdf to localFile='/tmp/upload-02-14-2023-05-34-51/economics.pdf'
05:34:51:DEBUG:Saving economics.pdf to localFile='/tmp/upload-02-14-2023-05-34-51/economics.pdf'
05:34:51:DEBUG:Saving Data+science.pdf to localFile='/tmp/upload-02-14-2023-05-34-51/Data+science.pdf'
05:34:51:DEBUG:Saving Data+science.pdf to localFile='/tmp/upload-02-14-2023-05-34-51/Data+science.pdf'
05:34:51:DEBUG:Saving Data+science.pdf to localFile='/tmp/upload-02-14-2023-05-34-51/Data+science.pdf'
05:34:51:DEBUG:Saving Data+science.pdf to localFile='/tmp/upload-02-14-2023-05-34-51/Data+science.pdf'
05:34:51:DEBUG:Saving economics.pdf to localFile='/tmp/upload-02-14-2023-05-34-51/economics.pdf'
05:34:51:DEBUG:Saving economics.pdf to localFile='/tmp/upload-02-14-2023-05-34-51/economics.pdf'
05:34:51:INFO:/tmp/upload-02-14-2023-05-34-51/economics.pdfText extraction completed! returning results
05:34:51:INFO:/tmp/upload-02-14-2023-05-34-51/economics.pdfText extraction completed! returning results
05:34:54:INFO:/tmp/upload-02-14-2023-05-34-51/Data+science.pdfText extraction completed! returning results
05:34:59:DEBUG:Saving economics.pdf to localFile='/tmp/upload-02-14-2023-05-34-59/economics.pdf'
05:34:59:DEBUG:Saving economics.pdf to localFile='/tmp/upload-02-14-2023-05-34-59/economics.pdf'
05:34:59:DEBUG:Saving Data+science.pdf to localFile='/tmp/upload-02-14-2023-05-34-59/Data+science.pdf'
05:34:59:DEBUG:Saving Data+science.pdf to localFile='/tmp/upload-02-14-2023-05-34-59/Data+science.pdf'
05:34:59:DEBUG:Saving economics.pdf to localFile='/tmp/upload-02-14-2023-05-34-59/economics.pdf'
05:34:59:INFO:/tmp/upload-02-14-2023-05-34-59/economics.pdfText extraction completed! returning results
05:34:59:INFO:/tmp/upload-02-14-2023-05-34-59/economics.pdfText extraction completed! returning results
05:34:59:DEBUG:Saving Data+science.pdf to localFile='/tmp/upload-02-14-2023-05-34-59/Data+science.pdf'
05:34:59:INFO:/tmp/upload-02-14-2023-05-34-59/economics.pdfText extraction completed! returning results
05:35:03:INFO:/tmp/upload-02-14-2023-05-34-59/Data+science.pdfText extraction completed! returning results
05:35:03:INFO:/tmp/upload-02-14-2023-05-34-59/Data+science.pdfText extraction completed! returning results
05:35:03:DEBUG:Saving Data+science.pdf to localFile='/tmp/upload-02-14-2023-05-35-03/Data+science.pdf'
05:35:07:INFO:/tmp/upload-02-14-2023-05-35-03/Data+science.pdfText extraction completed! returning results
05:35:11:DEBUG:Saving economics.pdf to localFile='/tmp/upload-02-14-2023-05-35-11/economics.pdf'
05:35:11:DEBUG:Saving economics.pdf to localFile='/tmp/upload-02-14-2023-05-35-11/economics.pdf'
05:35:11:DEBUG:Saving Data+science.pdf to localFile='/tmp/upload-02-14-2023-05-35-11/Data+science.pdf'
05:35:11:DEBUG:Saving economics.pdf to localFile='/tmp/upload-02-14-2023-05-35-11/economics.pdf'
05:35:11:DEBUG:Saving Data+science.pdf to localFile='/tmp/upload-02-14-2023-05-35-11/Data+science.pdf'
05:35:11:DEBUG:Saving Data+science.pdf to localFile='/tmp/upload-02-14-2023-05-35-11/Data+science.pdf'
05:35:11:DEBUG:Saving Data+science.pdf to localFile='/tmp/upload-02-14-2023-05-35-11/Data+science.pdf'
05:35:11:INFO:/tmp/upload-02-14-2023-05-35-11/economics.pdfText extraction completed! returning results
05:35:11:INFO:/tmp/upload-02-14-2023-05-35-11/economics.pdfText extraction completed! returning results
05:35:12:DEBUG:Saving economics.pdf to localFile='/tmp/upload-02-14-2023-05-35-12/economics.pdf'
05:35:12:INFO:/tmp/upload-02-14-2023-05-35-11/economics.pdfText extraction completed! returning results
05:35:12:INFO:/tmp/upload-02-14-2023-05-35-12/economics.pdfText extraction completed! returning results
05:35:15:INFO:/tmp/upload-02-14-2023-05-35-11/Data+science.pdfText extraction completed! returning results
